<?xml version="1.0" encoding="UTF-8"?>
<!-- Generated by org.testng.reporters.JUnitReportReporter -->
<testsuite hostname="Rupankar-PC-2001" failures="0" tests="2" name="Test.HealthInsuranceTest" time="3.164" errors="0" timestamp="2023-06-25T19:51:16 IST" skipped="0">
  <testcase classname="Test.HealthInsuranceTest" name="extract_HealthInsurance_menu_items" time="1.462"/>
  <testcase classname="Test.HealthInsuranceTest" name="hover_on_insuranceProducts_dropdown" time="1.702"/>
</testsuite> <!-- Test.HealthInsuranceTest -->
