<?xml version="1.0" encoding="UTF-8"?>
<!-- Generated by org.testng.reporters.JUnitReportReporter -->
<testsuite hostname="Rupankar-PC-2001" failures="0" tests="8" name="Test.TravelInsuranceTest" time="19.660" errors="0" timestamp="2023-06-25T20:05:14 IST" skipped="0">
  <testcase classname="Test.TravelInsuranceTest" name="test2" time="4.219"/>
  <testcase classname="Test.TravelInsuranceTest" name="test6" time="0.215"/>
  <testcase classname="Test.TravelInsuranceTest" name="test5" time="0.547"/>
  <testcase classname="Test.TravelInsuranceTest" name="test4" time="0.626"/>
  <testcase classname="Test.TravelInsuranceTest" name="test7" time="11.018"/>
  <testcase classname="Test.TravelInsuranceTest" name="test3" time="0.537"/>
  <testcase classname="Test.TravelInsuranceTest" name="test8" time="1.159"/>
  <testcase classname="Test.TravelInsuranceTest" name="test1" time="1.339"/>
</testsuite> <!-- Test.TravelInsuranceTest -->
