<?xml version="1.0" encoding="UTF-8"?>
<!-- Generated by org.testng.reporters.JUnitReportReporter -->
<testsuite hostname="Rupankar-PC-2001" failures="0" tests="8" name="Test.VehicleInsuranceTest" time="12.673" errors="0" timestamp="2023-06-25T19:48:54 IST" skipped="0">
  <testcase classname="Test.VehicleInsuranceTest" name="hover_select" time="4.691"/>
  <testcase classname="Test.VehicleInsuranceTest" name="proceed_without_no" time="1.136"/>
  <testcase classname="Test.VehicleInsuranceTest" name="city_region" time="2.190"/>
  <testcase classname="Test.VehicleInsuranceTest" name="brand_model" time="0.569"/>
  <testcase classname="Test.VehicleInsuranceTest" name="fuel_type_variant" time="0.475"/>
  <testcase classname="Test.VehicleInsuranceTest" name="reg_year" time="0.101"/>
  <testcase classname="Test.VehicleInsuranceTest" name="invalidDetails" time="3.433"/>
  <testcase classname="Test.VehicleInsuranceTest" name="invalidDetails_message_capture" time="0.078"/>
</testsuite> <!-- Test.VehicleInsuranceTest -->
